<?xml version="1.0" encoding="UTF-8"?>
<testsuite xmlns:xsi="http://www.w3.org/2001/XMLSchema-instance" xsi:noNamespaceSchemaLocation="https://maven.apache.org/surefire/maven-surefire-plugin/xsd/surefire-test-report-3.0.xsd" version="3.0" name="ApiTest" time="2.436" tests="2" errors="0" skipped="0" failures="0">
  <properties>
[...]
</properties>
  <testcase name="testPostEndpoint" classname="ApiTest" time="2.033">
    <system-out><![CDATA[Request method:	POST
Request URI:	https://jsonplaceholder.typicode.com/posts
Proxy:			<none>
Request params:	<none>
Query params:	<none>
Form params:	<none>
Path params:	<none>
Headers:		Accept=*/*
				Content-Type=application/json
Cookies:		<none>
Multiparts:		<none>
Body:
{
    "title": "Test Post 1",
    "body": "This is a body",
    "userId": 1
}
HTTP/1.1 201 Created
Date: Tue, 28 Jan 2025 03:03:37 GMT
Content-Type: application/json; charset=utf-8
Content-Length: 84
Connection: keep-alive
Report-To: {"group":"heroku-nel","max_age":3600,"endpoints":[{"url":"https://nel.heroku.com/reports?ts=1738033417&sid=e11707d5-02a7-43ef-b45e-2cf4d2036f7d&s=KkwM3b5DK2uYL0%2BL99YMZAFb7%2BJRQVf73xO8LvDNUxA%3D"}]}
Reporting-Endpoints: heroku-nel=https://nel.heroku.com/reports?ts=1738033417&sid=e11707d5-02a7-43ef-b45e-2cf4d2036f7d&s=KkwM3b5DK2uYL0%2BL99YMZAFb7%2BJRQVf73xO8LvDNUxA%3D
Nel: {"report_to":"heroku-nel","max_age":3600,"success_fraction":0.005,"failure_fraction":0.05,"response_headers":["Via"]}
X-Powered-By: Express
X-Ratelimit-Limit: 1000
X-Ratelimit-Remaining: 999
X-Ratelimit-Reset: 1738033461
Vary: Origin, X-HTTP-Method-Override, Accept-Encoding
Access-Control-Allow-Credentials: true
Cache-Control: no-cache
Pragma: no-cache
Expires: -1
Access-Control-Expose-Headers: Location
Location: https://jsonplaceholder.typicode.com/posts/101
X-Content-Type-Options: nosniff
Etag: W/"54-4I+DeZidvdIjoJ2lVme1CK9chYM"
Via: 1.1 vegur
cf-cache-status: DYNAMIC
Server: cloudflare
CF-RAY: 908dc0159d055c51-CWB
alt-svc: h3=":443"; ma=86400
server-timing: cfL4;desc="?proto=TCP&rtt=12373&min_rtt=10089&rtt_var=5201&sent=7&recv=7&lost=0&retrans=0&sent_bytes=3114&recv_bytes=909&delivery_rate=279908&cwnd=113&unsent_bytes=0&cid=95a942c280bd7b06&ts=720&x=0"

{
    "title": "Test Post 1",
    "body": "This is a body",
    "userId": 1,
    "id": 101
}
]]></system-out>
  </testcase>
  <testcase name="testGetEndpoint" classname="ApiTest" time="0.097">
    <system-out><![CDATA[Request method:	GET
Request URI:	https://jsonplaceholder.typicode.com/posts/1
Proxy:			<none>
Request params:	<none>
Query params:	<none>
Form params:	<none>
Path params:	<none>
Headers:		Accept=*/*
Cookies:		<none>
Multiparts:		<none>
Body:			<none>
HTTP/1.1 200 OK
Date: Tue, 28 Jan 2025 03:03:37 GMT
Content-Type: application/json; charset=utf-8
Transfer-Encoding: chunked
Connection: keep-alive
Report-To: {"group":"heroku-nel","max_age":3600,"endpoints":[{"url":"https://nel.heroku.com/reports?ts=1733725674&sid=e11707d5-02a7-43ef-b45e-2cf4d2036f7d&s=CZ%2BgDpVkj90%2Bbv8lfnJMsbKyhjzS2mO8%2BDKBsu3b2N4%3D"}]}
Reporting-Endpoints: heroku-nel=https://nel.heroku.com/reports?ts=1733725674&sid=e11707d5-02a7-43ef-b45e-2cf4d2036f7d&s=CZ%2BgDpVkj90%2Bbv8lfnJMsbKyhjzS2mO8%2BDKBsu3b2N4%3D
Nel: {"report_to":"heroku-nel","max_age":3600,"success_fraction":0.005,"failure_fraction":0.05,"response_headers":["Via"]}
X-Powered-By: Express
X-Ratelimit-Limit: 1000
X-Ratelimit-Remaining: 999
X-Ratelimit-Reset: 1733725682
Vary: Origin, Accept-Encoding
Access-Control-Allow-Credentials: true
Cache-Control: max-age=43200
Pragma: no-cache
Expires: -1
X-Content-Type-Options: nosniff
Etag: W/"124-yiKdLzqO5gfBrJFrcdJ8Yq0LGnU"
Via: 1.1 vegur
CF-Cache-Status: HIT
Age: 7349
Server: cloudflare
CF-RAY: 908dc01ced5f7b10-CWB
Content-Encoding: gzip
alt-svc: h3=":443"; ma=86400
server-timing: cfL4;desc="?proto=TCP&rtt=12869&min_rtt=10487&rtt_var=4593&sent=5&recv=6&lost=0&retrans=0&sent_bytes=3114&recv_bytes=780&delivery_rate=357347&cwnd=134&unsent_bytes=0&cid=e1ede5e16ae62e02&ts=29&x=0"

{
    "userId": 1,
    "id": 1,
    "title": "sunt aut facere repellat provident occaecati excepturi optio reprehenderit",
    "body": "quia et suscipit\nsuscipit recusandae consequuntur expedita et cum\nreprehenderit molestiae ut ut quas totam\nnostrum rerum est autem sunt rem eveniet architecto"
}
]]></system-out>
  </testcase>
</testsuite>